2019-04-08 14:53:40,486 --------Starting-------
2019-04-08 14:53:40,486 Log Level set to 1
2019-04-08 14:53:40,486 Calling Function Fun_Validate_input
2019-04-08 14:53:40,486 Input Arguments are [2,abc,2] [int,int,int] C:\Users\akhil-k\Moogsoft_PreRequisites\Log\Logs.log
2019-04-08 14:53:40,486 Exiting Fun_Validate_Input with False
2019-04-08 14:53:40,486 --------Exit-----------
2019-04-08 14:54:08,914 --------Starting-------
2019-04-08 14:54:08,914 Log Level set to 1
2019-04-08 14:54:08,914 Calling Function Fun_Validate_input
2019-04-08 14:54:08,914 Input Arguments are [2,abc,2] [int,int,int] C:\Users\akhil-k\Moogsoft_PreRequisites\Log\Logs.log
2019-04-08 14:54:08,914 Exiting Fun_Validate_Input with False
2019-04-08 14:54:08,914 --------Exit-----------
2019-04-08 17:50:02,664 --------Starting-------
2019-04-08 17:50:02,664 Log Level set to 1
2019-04-08 17:50:02,664 Calling Function Fun_Validate_input
2019-04-08 17:50:02,664 Input Arguments are ['checkfun.py', '80', '90'] ['int', 'int'] C:\Users\akhil-k\Moogsoft_PreRequisites\Log\Logs.log
2019-04-08 17:50:02,664 Exiting Fun_Validate_Input with True
2019-04-08 17:50:02,664 --------Exit-----------
2019-04-09 16:14:56,259 --------Starting-------
2019-04-09 16:14:56,259 Log Level set to 1
2019-04-09 16:14:56,259 Calling Function Fun_Validate_input
2019-04-09 16:14:56,259 Input Arguments are ['C:\\Users\\akhil-k\\Moogsoft_PreRequisites\\Bin\\checkfun.py', 'C', '50'] ['int', 'int'] C:\Users\akhil-k\Moogsoft_PreRequisites\Log\Logs.log
2019-04-09 16:14:56,259 Exiting Fun_Validate_Input with False
2019-04-09 16:14:56,259 --------Exit-----------
2019-04-09 16:17:34,703 --------Starting-------
2019-04-09 16:17:34,703 Log Level set to 1
2019-04-09 16:17:34,703 Calling Function Fun_Validate_input
2019-04-09 16:17:34,703 Input Arguments are ['C:\\Users\\akhil-k\\Moogsoft_PreRequisites\\Bin\\checkfun.py', 'C:', '50'] ['char', 'int'] C:\Users\akhil-k\Moogsoft_PreRequisites\Log\Logs.log
2019-04-09 16:17:34,703 Exiting Fun_Validate_Input with False
2019-04-09 16:17:34,703 --------Exit-----------
2019-04-09 16:17:42,542 --------Starting-------
2019-04-09 16:17:42,543 Log Level set to 1
2019-04-09 16:17:42,543 Calling Function Fun_Validate_input
2019-04-09 16:17:42,543 Input Arguments are ['C:\\Users\\akhil-k\\Moogsoft_PreRequisites\\Bin\\checkfun.py', 'C', '50'] ['char', 'int'] C:\Users\akhil-k\Moogsoft_PreRequisites\Log\Logs.log
2019-04-09 16:17:42,543 Exiting Fun_Validate_Input with True
2019-04-09 16:17:42,543 --------Exit-----------
